<?xml version="1.0" encoding="UTF-8"?>
<!-- Generated by org.testng.reporters.JUnitReportReporter -->
<testsuite hostname="Prachi" failures="0" tests="2" name="weather.Forecast5Day3hourTest" time="1.041" errors="0" timestamp="21 Jun 2024 15:07:18 GMT" skipped="0">
  <testcase classname="weather.Forecast5Day3hourTest" name="forecast_5Day3Hour" time="0.541"/>
  <testcase classname="weather.Forecast5Day3hourTest" name="forecast_5Day3HourPUTMethod" time="0.500"/>
</testsuite> <!-- weather.Forecast5Day3hourTest -->
