<?xml version="1.0" encoding="UTF-8"?>
<!-- Generated by org.testng.reporters.JUnitReportReporter -->
<testsuite hostname="ChikusLAPTOP" failures="0" tests="1" name="api.ExtentManager" time="0.861" errors="0" timestamp="2024-06-11T19:11:04 IST" skipped="0">
  <testcase classname="api.ExtentManager" name="extentTest" time="0.861"/>
</testsuite> <!-- api.ExtentManager -->
