<?xml version="1.0" encoding="UTF-8"?>
<!-- Generated by org.testng.reporters.JUnitReportReporter -->
<testsuite hostname="ChikusLAPTOP" failures="0" tests="8" name="weather.WeatherAPITest" time="9.859" errors="0" timestamp="2024-06-04T11:04:05 IST" skipped="0">
  <testcase classname="weather.WeatherAPITest" name="currentWeatherPUTMethod" time="0.901"/>
  <testcase classname="weather.WeatherAPITest" name="currentWeatherValidKey" time="0.866"/>
  <testcase classname="weather.WeatherAPITest" name="forecast_5Day3Hour" time="1.193"/>
  <testcase classname="weather.WeatherAPITest" name="currentWeatherDifferentHeader" time="0.863"/>
  <testcase classname="weather.WeatherAPITest" name="airPollutionAPI" time="3.588"/>
  <testcase classname="weather.WeatherAPITest" name="currentWeatherInValidLatitude" time="0.826"/>
  <testcase classname="weather.WeatherAPITest" name="currentWeatherInValidKey" time="0.861"/>
  <testcase classname="weather.WeatherAPITest" name="currentWeatherInValidLongitude" time="0.761"/>
</testsuite> <!-- weather.WeatherAPITest -->
